{"C:\\antigravity-test\\project-management-dashboard\\src\\hooks\\useAuth.ts": {"path":"C:\\antigravity-test\\project-management-dashboard\\src\\hooks\\useAuth.ts","statementMap":{"0":{"start":{"line":7,"column":13},"end":{"line":84,"column":null}},"1":{"start":{"line":8,"column":8},"end":{"line":8,"column":null}},"2":{"start":{"line":9,"column":51},"end":{"line":11,"column":null}},"3":{"start":{"line":10,"column":26},"end":{"line":10,"column":null}},"4":{"start":{"line":13,"column":8},"end":{"line":23,"column":null}},"5":{"start":{"line":14,"column":4},"end":{"line":14,"column":null}},"6":{"start":{"line":15,"column":21},"end":{"line":15,"column":null}},"7":{"start":{"line":16,"column":4},"end":{"line":22,"column":null}},"8":{"start":{"line":17,"column":6},"end":{"line":17,"column":null}},"9":{"start":{"line":18,"column":6},"end":{"line":18,"column":null}},"10":{"start":{"line":20,"column":6},"end":{"line":20,"column":null}},"11":{"start":{"line":21,"column":6},"end":{"line":21,"column":null}},"12":{"start":{"line":25,"column":8},"end":{"line":35,"column":null}},"13":{"start":{"line":26,"column":4},"end":{"line":26,"column":null}},"14":{"start":{"line":27,"column":21},"end":{"line":27,"column":null}},"15":{"start":{"line":28,"column":4},"end":{"line":34,"column":null}},"16":{"start":{"line":29,"column":6},"end":{"line":29,"column":null}},"17":{"start":{"line":30,"column":6},"end":{"line":30,"column":null}},"18":{"start":{"line":32,"column":6},"end":{"line":32,"column":null}},"19":{"start":{"line":33,"column":6},"end":{"line":33,"column":null}},"20":{"start":{"line":37,"column":8},"end":{"line":48,"column":null}},"21":{"start":{"line":38,"column":4},"end":{"line":38,"column":null}},"22":{"start":{"line":39,"column":21},"end":{"line":39,"column":null}},"23":{"start":{"line":40,"column":4},"end":{"line":47,"column":null}},"24":{"start":{"line":42,"column":6},"end":{"line":42,"column":null}},"25":{"start":{"line":43,"column":6},"end":{"line":43,"column":null}},"26":{"start":{"line":45,"column":6},"end":{"line":45,"column":null}},"27":{"start":{"line":46,"column":6},"end":{"line":46,"column":null}},"28":{"start":{"line":50,"column":8},"end":{"line":66,"column":null}},"29":{"start":{"line":51,"column":23},"end":{"line":51,"column":null}},"30":{"start":{"line":52,"column":4},"end":{"line":55,"column":null}},"31":{"start":{"line":53,"column":6},"end":{"line":53,"column":null}},"32":{"start":{"line":54,"column":6},"end":{"line":54,"column":null}},"33":{"start":{"line":57,"column":4},"end":{"line":57,"column":null}},"34":{"start":{"line":58,"column":21},"end":{"line":58,"column":null}},"35":{"start":{"line":59,"column":4},"end":{"line":65,"column":null}},"36":{"start":{"line":60,"column":6},"end":{"line":60,"column":null}},"37":{"start":{"line":61,"column":6},"end":{"line":61,"column":null}},"38":{"start":{"line":63,"column":6},"end":{"line":63,"column":null}},"39":{"start":{"line":64,"column":6},"end":{"line":64,"column":null}},"40":{"start":{"line":68,"column":8},"end":{"line":70,"column":null}},"41":{"start":{"line":69,"column":4},"end":{"line":69,"column":null}},"42":{"start":{"line":72,"column":2},"end":{"line":83,"column":null}}},"fnMap":{"0":{"name":"(anonymous_0)","decl":{"start":{"line":7,"column":13},"end":{"line":7,"column":29}},"loc":{"start":{"line":7,"column":29},"end":{"line":84,"column":null}},"line":7},"1":{"name":"(anonymous_1)","decl":{"start":{"line":9,"column":61},"end":{"line":9,"column":null}},"loc":{"start":{"line":10,"column":26},"end":{"line":10,"column":null}},"line":10},"2":{"name":"(anonymous_2)","decl":{"start":{"line":13,"column":28},"end":{"line":13,"column":35}},"loc":{"start":{"line":13,"column":93},"end":{"line":23,"column":5}},"line":13},"3":{"name":"(anonymous_3)","decl":{"start":{"line":25,"column":29},"end":{"line":25,"column":36}},"loc":{"start":{"line":25,"column":94},"end":{"line":35,"column":5}},"line":25},"4":{"name":"(anonymous_4)","decl":{"start":{"line":37,"column":43},"end":{"line":37,"column":50}},"loc":{"start":{"line":37,"column":92},"end":{"line":48,"column":5}},"line":37},"5":{"name":"(anonymous_5)","decl":{"start":{"line":50,"column":35},"end":{"line":50,"column":65}},"loc":{"start":{"line":50,"column":65},"end":{"line":66,"column":5}},"line":50},"6":{"name":"(anonymous_6)","decl":{"start":{"line":68,"column":17},"end":{"line":68,"column":35}},"loc":{"start":{"line":68,"column":35},"end":{"line":70,"column":5}},"line":68}},"branchMap":{"0":{"loc":{"start":{"line":16,"column":4},"end":{"line":22,"column":null}},"type":"if","locations":[{"start":{"line":16,"column":4},"end":{"line":22,"column":null}},{"start":{"line":19,"column":11},"end":{"line":22,"column":null}}],"line":16},"1":{"loc":{"start":{"line":20,"column":27},"end":{"line":20,"column":59}},"type":"binary-expr","locations":[{"start":{"line":20,"column":27},"end":{"line":20,"column":45}},{"start":{"line":20,"column":45},"end":{"line":20,"column":59}}],"line":20},"2":{"loc":{"start":{"line":28,"column":4},"end":{"line":34,"column":null}},"type":"if","locations":[{"start":{"line":28,"column":4},"end":{"line":34,"column":null}},{"start":{"line":31,"column":11},"end":{"line":34,"column":null}}],"line":28},"3":{"loc":{"start":{"line":32,"column":27},"end":{"line":32,"column":60}},"type":"binary-expr","locations":[{"start":{"line":32,"column":27},"end":{"line":32,"column":45}},{"start":{"line":32,"column":45},"end":{"line":32,"column":60}}],"line":32},"4":{"loc":{"start":{"line":40,"column":4},"end":{"line":47,"column":null}},"type":"if","locations":[{"start":{"line":40,"column":4},"end":{"line":47,"column":null}},{"start":{"line":44,"column":11},"end":{"line":47,"column":null}}],"line":40},"5":{"loc":{"start":{"line":45,"column":27},"end":{"line":45,"column":76}},"type":"binary-expr","locations":[{"start":{"line":45,"column":27},"end":{"line":45,"column":45}},{"start":{"line":45,"column":45},"end":{"line":45,"column":76}}],"line":45},"6":{"loc":{"start":{"line":52,"column":4},"end":{"line":55,"column":null}},"type":"if","locations":[{"start":{"line":52,"column":4},"end":{"line":55,"column":null}},{"start":{},"end":{}}],"line":52},"7":{"loc":{"start":{"line":59,"column":4},"end":{"line":65,"column":null}},"type":"if","locations":[{"start":{"line":59,"column":4},"end":{"line":65,"column":null}},{"start":{"line":62,"column":11},"end":{"line":65,"column":null}}],"line":59},"8":{"loc":{"start":{"line":63,"column":27},"end":{"line":63,"column":62}},"type":"binary-expr","locations":[{"start":{"line":63,"column":27},"end":{"line":63,"column":45}},{"start":{"line":63,"column":45},"end":{"line":63,"column":62}}],"line":63}},"s":{"0":6,"1":58,"2":58,"3":102,"4":58,"5":2,"6":2,"7":2,"8":1,"9":1,"10":1,"11":1,"12":58,"13":2,"14":2,"15":2,"16":1,"17":1,"18":1,"19":1,"20":58,"21":3,"22":3,"23":3,"24":2,"25":2,"26":1,"27":1,"28":58,"29":4,"30":4,"31":1,"32":1,"33":3,"34":3,"35":3,"36":2,"37":2,"38":1,"39":1,"40":58,"41":1,"42":58},"f":{"0":58,"1":102,"2":2,"3":2,"4":3,"5":4,"6":1},"b":{"0":[1,1],"1":[1,0],"2":[1,1],"3":[1,0],"4":[2,1],"5":[1,0],"6":[1,3],"7":[2,1],"8":[1,0]},"meta":{"lastBranch":9,"lastFunction":7,"lastStatement":43,"seen":{"s:7:13:84:Infinity":0,"f:7:13:7:29":0,"s:8:8:8:Infinity":1,"s:9:51:11:Infinity":2,"f:9:61:9:Infinity":1,"s:10:26:10:Infinity":3,"s:13:8:23:Infinity":4,"f:13:28:13:35":2,"s:14:4:14:Infinity":5,"s:15:21:15:Infinity":6,"b:16:4:22:Infinity:19:11:22:Infinity":0,"s:16:4:22:Infinity":7,"s:17:6:17:Infinity":8,"s:18:6:18:Infinity":9,"s:20:6:20:Infinity":10,"b:20:27:20:45:20:45:20:59":1,"s:21:6:21:Infinity":11,"s:25:8:35:Infinity":12,"f:25:29:25:36":3,"s:26:4:26:Infinity":13,"s:27:21:27:Infinity":14,"b:28:4:34:Infinity:31:11:34:Infinity":2,"s:28:4:34:Infinity":15,"s:29:6:29:Infinity":16,"s:30:6:30:Infinity":17,"s:32:6:32:Infinity":18,"b:32:27:32:45:32:45:32:60":3,"s:33:6:33:Infinity":19,"s:37:8:48:Infinity":20,"f:37:43:37:50":4,"s:38:4:38:Infinity":21,"s:39:21:39:Infinity":22,"b:40:4:47:Infinity:44:11:47:Infinity":4,"s:40:4:47:Infinity":23,"s:42:6:42:Infinity":24,"s:43:6:43:Infinity":25,"s:45:6:45:Infinity":26,"b:45:27:45:45:45:45:45:76":5,"s:46:6:46:Infinity":27,"s:50:8:66:Infinity":28,"f:50:35:50:65":5,"s:51:23:51:Infinity":29,"b:52:4:55:Infinity:undefined:undefined:undefined:undefined":6,"s:52:4:55:Infinity":30,"s:53:6:53:Infinity":31,"s:54:6:54:Infinity":32,"s:57:4:57:Infinity":33,"s:58:21:58:Infinity":34,"b:59:4:65:Infinity:62:11:65:Infinity":7,"s:59:4:65:Infinity":35,"s:60:6:60:Infinity":36,"s:61:6:61:Infinity":37,"s:63:6:63:Infinity":38,"b:63:27:63:45:63:45:63:62":8,"s:64:6:64:Infinity":39,"s:68:8:70:Infinity":40,"f:68:17:68:35":6,"s:69:4:69:Infinity":41,"s:72:2:83:Infinity":42}}}
,"C:\\antigravity-test\\project-management-dashboard\\src\\hooks\\useDashboard.ts": {"path":"C:\\antigravity-test\\project-management-dashboard\\src\\hooks\\useDashboard.ts","statementMap":{"0":{"start":{"line":4,"column":13},"end":{"line":24,"column":null}},"1":{"start":{"line":5,"column":43},"end":{"line":15,"column":null}},"2":{"start":{"line":8,"column":23},"end":{"line":8,"column":null}},"3":{"start":{"line":9,"column":6},"end":{"line":11,"column":null}},"4":{"start":{"line":10,"column":8},"end":{"line":10,"column":null}},"5":{"start":{"line":12,"column":6},"end":{"line":12,"column":null}},"6":{"start":{"line":17,"column":2},"end":{"line":23,"column":null}}},"fnMap":{"0":{"name":"(anonymous_0)","decl":{"start":{"line":4,"column":13},"end":{"line":4,"column":34}},"loc":{"start":{"line":4,"column":34},"end":{"line":24,"column":null}},"line":4},"1":{"name":"(anonymous_1)","decl":{"start":{"line":7,"column":13},"end":{"line":7,"column":25}},"loc":{"start":{"line":7,"column":25},"end":{"line":13,"column":null}},"line":7}},"branchMap":{"0":{"loc":{"start":{"line":9,"column":6},"end":{"line":11,"column":null}},"type":"if","locations":[{"start":{"line":9,"column":6},"end":{"line":11,"column":null}},{"start":{},"end":{}}],"line":9},"1":{"loc":{"start":{"line":21,"column":11},"end":{"line":21,"column":null}},"type":"cond-expr","locations":[{"start":{"line":21,"column":36},"end":{"line":21,"column":52}},{"start":{"line":21,"column":52},"end":{"line":21,"column":null}}],"line":21}},"s":{"0":6,"1":4,"2":2,"3":2,"4":1,"5":1,"6":4},"f":{"0":4,"1":2},"b":{"0":[1,1],"1":[1,3]},"meta":{"lastBranch":2,"lastFunction":2,"lastStatement":7,"seen":{"s:4:13:24:Infinity":0,"f:4:13:4:34":0,"s:5:43:15:Infinity":1,"f:7:13:7:25":1,"s:8:23:8:Infinity":2,"b:9:6:11:Infinity:undefined:undefined:undefined:undefined":0,"s:9:6:11:Infinity":3,"s:10:8:10:Infinity":4,"s:12:6:12:Infinity":5,"s:17:2:23:Infinity":6,"b:21:36:21:52:21:52:21:Infinity":1}}}
,"C:\\antigravity-test\\project-management-dashboard\\src\\hooks\\useTheme.ts": {"path":"C:\\antigravity-test\\project-management-dashboard\\src\\hooks\\useTheme.ts","statementMap":{"0":{"start":{"line":5,"column":13},"end":{"line":24,"column":null}},"1":{"start":{"line":6,"column":8},"end":{"line":6,"column":null}},"2":{"start":{"line":7,"column":8},"end":{"line":7,"column":null}},"3":{"start":{"line":7,"column":50},"end":{"line":7,"column":67}},"4":{"start":{"line":9,"column":2},"end":{"line":13,"column":null}},"5":{"start":{"line":10,"column":17},"end":{"line":10,"column":null}},"6":{"start":{"line":11,"column":4},"end":{"line":11,"column":null}},"7":{"start":{"line":12,"column":4},"end":{"line":12,"column":null}},"8":{"start":{"line":15,"column":8},"end":{"line":17,"column":null}},"9":{"start":{"line":16,"column":4},"end":{"line":16,"column":null}},"10":{"start":{"line":19,"column":8},"end":{"line":21,"column":null}},"11":{"start":{"line":20,"column":4},"end":{"line":20,"column":null}},"12":{"start":{"line":23,"column":2},"end":{"line":23,"column":null}}},"fnMap":{"0":{"name":"(anonymous_0)","decl":{"start":{"line":5,"column":13},"end":{"line":5,"column":30}},"loc":{"start":{"line":5,"column":30},"end":{"line":24,"column":null}},"line":5},"1":{"name":"(anonymous_1)","decl":{"start":{"line":7,"column":16},"end":{"line":7,"column":29}},"loc":{"start":{"line":7,"column":50},"end":{"line":7,"column":67}},"line":7},"2":{"name":"(anonymous_2)","decl":{"start":{"line":9,"column":2},"end":{"line":9,"column":18}},"loc":{"start":{"line":9,"column":18},"end":{"line":13,"column":5}},"line":9},"3":{"name":"(anonymous_3)","decl":{"start":{"line":15,"column":8},"end":{"line":15,"column":23}},"loc":{"start":{"line":15,"column":23},"end":{"line":17,"column":null}},"line":15},"4":{"name":"(anonymous_4)","decl":{"start":{"line":19,"column":8},"end":{"line":19,"column":15}},"loc":{"start":{"line":19,"column":46},"end":{"line":21,"column":null}},"line":19}},"branchMap":{},"s":{"0":7,"1":10,"2":10,"3":18,"4":10,"5":8,"6":8,"7":8,"8":10,"9":1,"10":10,"11":1,"12":10},"f":{"0":10,"1":18,"2":8,"3":1,"4":1},"b":{},"meta":{"lastBranch":0,"lastFunction":5,"lastStatement":13,"seen":{"s:5:13:24:Infinity":0,"f:5:13:5:30":0,"s:6:8:6:Infinity":1,"s:7:8:7:Infinity":2,"f:7:16:7:29":1,"s:7:50:7:67":3,"s:9:2:13:Infinity":4,"f:9:2:9:18":2,"s:10:17:10:Infinity":5,"s:11:4:11:Infinity":6,"s:12:4:12:Infinity":7,"s:15:8:17:Infinity":8,"f:15:8:15:23":3,"s:16:4:16:Infinity":9,"s:19:8:21:Infinity":10,"f:19:8:19:15":4,"s:20:4:20:Infinity":11,"s:23:2:23:Infinity":12}}}
,"C:\\antigravity-test\\project-management-dashboard\\src\\services\\auth.service.ts": {"path":"C:\\antigravity-test\\project-management-dashboard\\src\\services\\auth.service.ts","statementMap":{"0":{"start":{"line":10,"column":25},"end":{"line":18,"column":null}},"1":{"start":{"line":11,"column":2},"end":{"line":17,"column":null}},"2":{"start":{"line":12,"column":21},"end":{"line":12,"column":null}},"3":{"start":{"line":13,"column":4},"end":{"line":13,"column":null}},"4":{"start":{"line":15,"column":20},"end":{"line":15,"column":null}},"5":{"start":{"line":16,"column":4},"end":{"line":16,"column":null}},"6":{"start":{"line":20,"column":26},"end":{"line":28,"column":null}},"7":{"start":{"line":21,"column":2},"end":{"line":27,"column":null}},"8":{"start":{"line":22,"column":21},"end":{"line":22,"column":null}},"9":{"start":{"line":23,"column":4},"end":{"line":23,"column":null}},"10":{"start":{"line":25,"column":20},"end":{"line":25,"column":null}},"11":{"start":{"line":26,"column":4},"end":{"line":26,"column":null}},"12":{"start":{"line":30,"column":30},"end":{"line":38,"column":null}},"13":{"start":{"line":31,"column":2},"end":{"line":37,"column":null}},"14":{"start":{"line":32,"column":21},"end":{"line":32,"column":null}},"15":{"start":{"line":33,"column":4},"end":{"line":33,"column":null}},"16":{"start":{"line":35,"column":20},"end":{"line":35,"column":null}},"17":{"start":{"line":36,"column":4},"end":{"line":36,"column":null}},"18":{"start":{"line":40,"column":30},"end":{"line":48,"column":null}},"19":{"start":{"line":41,"column":2},"end":{"line":47,"column":null}},"20":{"start":{"line":42,"column":21},"end":{"line":42,"column":null}},"21":{"start":{"line":43,"column":4},"end":{"line":43,"column":null}},"22":{"start":{"line":45,"column":20},"end":{"line":45,"column":null}},"23":{"start":{"line":46,"column":4},"end":{"line":46,"column":null}}},"fnMap":{"0":{"name":"(anonymous_0)","decl":{"start":{"line":10,"column":25},"end":{"line":10,"column":32}},"loc":{"start":{"line":10,"column":115},"end":{"line":18,"column":null}},"line":10},"1":{"name":"(anonymous_1)","decl":{"start":{"line":20,"column":26},"end":{"line":20,"column":33}},"loc":{"start":{"line":20,"column":117},"end":{"line":28,"column":null}},"line":20},"2":{"name":"(anonymous_2)","decl":{"start":{"line":30,"column":30},"end":{"line":30,"column":37}},"loc":{"start":{"line":30,"column":129},"end":{"line":38,"column":null}},"line":30},"3":{"name":"(anonymous_3)","decl":{"start":{"line":40,"column":30},"end":{"line":40,"column":82}},"loc":{"start":{"line":40,"column":82},"end":{"line":48,"column":null}},"line":40}},"branchMap":{},"s":{"0":8,"1":4,"2":4,"3":2,"4":2,"5":2,"6":8,"7":3,"8":3,"9":2,"10":1,"11":1,"12":8,"13":5,"14":5,"15":3,"16":2,"17":2,"18":8,"19":5,"20":5,"21":3,"22":2,"23":2},"f":{"0":4,"1":3,"2":5,"3":5},"b":{},"meta":{"lastBranch":0,"lastFunction":4,"lastStatement":24,"seen":{"s:10:25:18:Infinity":0,"f:10:25:10:32":0,"s:11:2:17:Infinity":1,"s:12:21:12:Infinity":2,"s:13:4:13:Infinity":3,"s:15:20:15:Infinity":4,"s:16:4:16:Infinity":5,"s:20:26:28:Infinity":6,"f:20:26:20:33":1,"s:21:2:27:Infinity":7,"s:22:21:22:Infinity":8,"s:23:4:23:Infinity":9,"s:25:20:25:Infinity":10,"s:26:4:26:Infinity":11,"s:30:30:38:Infinity":12,"f:30:30:30:37":2,"s:31:2:37:Infinity":13,"s:32:21:32:Infinity":14,"s:33:4:33:Infinity":15,"s:35:20:35:Infinity":16,"s:36:4:36:Infinity":17,"s:40:30:48:Infinity":18,"f:40:30:40:82":3,"s:41:2:47:Infinity":19,"s:42:21:42:Infinity":20,"s:43:4:43:Infinity":21,"s:45:20:45:Infinity":22,"s:46:4:46:Infinity":23}}}
,"C:\\antigravity-test\\project-management-dashboard\\src\\services\\dashboard.service.ts": {"path":"C:\\antigravity-test\\project-management-dashboard\\src\\services\\dashboard.service.ts","statementMap":{"0":{"start":{"line":4,"column":32},"end":{"line":12,"column":null}},"1":{"start":{"line":5,"column":2},"end":{"line":11,"column":null}},"2":{"start":{"line":6,"column":21},"end":{"line":6,"column":null}},"3":{"start":{"line":7,"column":4},"end":{"line":7,"column":null}},"4":{"start":{"line":9,"column":20},"end":{"line":9,"column":null}},"5":{"start":{"line":10,"column":4},"end":{"line":10,"column":null}}},"fnMap":{"0":{"name":"(anonymous_0)","decl":{"start":{"line":4,"column":32},"end":{"line":4,"column":83}},"loc":{"start":{"line":4,"column":83},"end":{"line":12,"column":null}},"line":4}},"branchMap":{},"s":{"0":7,"1":2,"2":2,"3":1,"4":1,"5":1},"f":{"0":2},"b":{},"meta":{"lastBranch":0,"lastFunction":1,"lastStatement":6,"seen":{"s:4:32:12:Infinity":0,"f:4:32:4:83":0,"s:5:2:11:Infinity":1,"s:6:21:6:Infinity":2,"s:7:4:7:Infinity":3,"s:9:20:9:Infinity":4,"s:10:4:10:Infinity":5}}}
,"C:\\antigravity-test\\project-management-dashboard\\src\\services\\queryClient.ts": {"path":"C:\\antigravity-test\\project-management-dashboard\\src\\services\\queryClient.ts","statementMap":{"0":{"start":{"line":3,"column":27},"end":{"line":11,"column":null}}},"fnMap":{},"branchMap":{},"s":{"0":7},"f":{},"b":{},"meta":{"lastBranch":0,"lastFunction":0,"lastStatement":1,"seen":{"s:3:27:11:Infinity":0}}}
,"C:\\antigravity-test\\project-management-dashboard\\src\\store\\authSlice.ts": {"path":"C:\\antigravity-test\\project-management-dashboard\\src\\store\\authSlice.ts","statementMap":{"0":{"start":{"line":4,"column":6},"end":{"line":9,"column":null}},"1":{"start":{"line":5,"column":2},"end":{"line":7,"column":null}},"2":{"start":{"line":6,"column":4},"end":{"line":6,"column":null}},"3":{"start":{"line":8,"column":2},"end":{"line":8,"column":null}},"4":{"start":{"line":11,"column":6},"end":{"line":23,"column":null}},"5":{"start":{"line":12,"column":2},"end":{"line":21,"column":null}},"6":{"start":{"line":13,"column":20},"end":{"line":13,"column":null}},"7":{"start":{"line":14,"column":4},"end":{"line":20,"column":null}},"8":{"start":{"line":15,"column":6},"end":{"line":19,"column":null}},"9":{"start":{"line":16,"column":8},"end":{"line":16,"column":null}},"10":{"start":{"line":18,"column":8},"end":{"line":18,"column":null}},"11":{"start":{"line":22,"column":2},"end":{"line":22,"column":null}},"12":{"start":{"line":25,"column":14},"end":{"line":25,"column":null}},"13":{"start":{"line":26,"column":13},"end":{"line":26,"column":null}},"14":{"start":{"line":28,"column":33},"end":{"line":34,"column":null}},"15":{"start":{"line":36,"column":13},"end":{"line":75,"column":null}},"16":{"start":{"line":41,"column":6},"end":{"line":41,"column":null}},"17":{"start":{"line":42,"column":6},"end":{"line":42,"column":null}},"18":{"start":{"line":45,"column":6},"end":{"line":45,"column":null}},"19":{"start":{"line":46,"column":6},"end":{"line":46,"column":null}},"20":{"start":{"line":47,"column":6},"end":{"line":47,"column":null}},"21":{"start":{"line":48,"column":6},"end":{"line":48,"column":null}},"22":{"start":{"line":49,"column":6},"end":{"line":49,"column":null}},"23":{"start":{"line":50,"column":6},"end":{"line":50,"column":null}},"24":{"start":{"line":51,"column":6},"end":{"line":51,"column":null}},"25":{"start":{"line":54,"column":6},"end":{"line":54,"column":null}},"26":{"start":{"line":55,"column":6},"end":{"line":55,"column":null}},"27":{"start":{"line":56,"column":6},"end":{"line":56,"column":null}},"28":{"start":{"line":57,"column":6},"end":{"line":57,"column":null}},"29":{"start":{"line":58,"column":6},"end":{"line":58,"column":null}},"30":{"start":{"line":59,"column":6},"end":{"line":59,"column":null}},"31":{"start":{"line":60,"column":6},"end":{"line":60,"column":null}},"32":{"start":{"line":63,"column":6},"end":{"line":63,"column":null}},"33":{"start":{"line":64,"column":6},"end":{"line":64,"column":null}},"34":{"start":{"line":65,"column":6},"end":{"line":65,"column":null}},"35":{"start":{"line":66,"column":6},"end":{"line":66,"column":null}},"36":{"start":{"line":67,"column":6},"end":{"line":67,"column":null}},"37":{"start":{"line":68,"column":6},"end":{"line":68,"column":null}},"38":{"start":{"line":69,"column":6},"end":{"line":69,"column":null}},"39":{"start":{"line":72,"column":6},"end":{"line":72,"column":null}},"40":{"start":{"line":77,"column":75},"end":{"line":77,"column":null}},"41":{"start":{"line":78,"column":27},"end":{"line":78,"column":null}}},"fnMap":{"0":{"name":"(anonymous_0)","decl":{"start":{"line":4,"column":6},"end":{"line":4,"column":45}},"loc":{"start":{"line":4,"column":45},"end":{"line":9,"column":null}},"line":4},"1":{"name":"(anonymous_1)","decl":{"start":{"line":11,"column":6},"end":{"line":11,"column":43}},"loc":{"start":{"line":11,"column":43},"end":{"line":23,"column":null}},"line":11},"2":{"name":"(anonymous_2)","decl":{"start":{"line":40,"column":4},"end":{"line":40,"column":16}},"loc":{"start":{"line":40,"column":26},"end":{"line":43,"column":null}},"line":40},"3":{"name":"(anonymous_3)","decl":{"start":{"line":44,"column":4},"end":{"line":44,"column":18}},"loc":{"start":{"line":44,"column":83},"end":{"line":52,"column":null}},"line":44},"4":{"name":"(anonymous_4)","decl":{"start":{"line":53,"column":4},"end":{"line":53,"column":18}},"loc":{"start":{"line":53,"column":59},"end":{"line":61,"column":null}},"line":53},"5":{"name":"(anonymous_5)","decl":{"start":{"line":62,"column":4},"end":{"line":62,"column":13}},"loc":{"start":{"line":62,"column":23},"end":{"line":70,"column":null}},"line":62},"6":{"name":"(anonymous_6)","decl":{"start":{"line":71,"column":4},"end":{"line":71,"column":17}},"loc":{"start":{"line":71,"column":27},"end":{"line":73,"column":null}},"line":71}},"branchMap":{"0":{"loc":{"start":{"line":5,"column":2},"end":{"line":7,"column":null}},"type":"if","locations":[{"start":{"line":5,"column":2},"end":{"line":7,"column":null}},{"start":{},"end":{}}],"line":5},"1":{"loc":{"start":{"line":12,"column":2},"end":{"line":21,"column":null}},"type":"if","locations":[{"start":{"line":12,"column":2},"end":{"line":21,"column":null}},{"start":{},"end":{}}],"line":12},"2":{"loc":{"start":{"line":14,"column":4},"end":{"line":20,"column":null}},"type":"if","locations":[{"start":{"line":14,"column":4},"end":{"line":20,"column":null}},{"start":{},"end":{}}],"line":14},"3":{"loc":{"start":{"line":31,"column":19},"end":{"line":31,"column":null}},"type":"binary-expr","locations":[{"start":{"line":31,"column":19},"end":{"line":31,"column":30}},{"start":{"line":31,"column":30},"end":{"line":31,"column":null}}],"line":31}},"s":{"0":9,"1":9,"2":9,"3":0,"4":9,"5":9,"6":9,"7":9,"8":0,"9":0,"10":0,"11":9,"12":9,"13":9,"14":9,"15":9,"16":12,"17":12,"18":6,"19":6,"20":6,"21":6,"22":6,"23":6,"24":6,"25":7,"26":7,"27":7,"28":7,"29":7,"30":7,"31":7,"32":3,"33":3,"34":3,"35":3,"36":3,"37":3,"38":3,"39":1,"40":9,"41":9},"f":{"0":9,"1":9,"2":12,"3":6,"4":7,"5":3,"6":1},"b":{"0":[9,0],"1":[9,0],"2":[0,9],"3":[9,0]},"meta":{"lastBranch":4,"lastFunction":7,"lastStatement":42,"seen":{"s:4:6:9:Infinity":0,"f:4:6:4:45":0,"b:5:2:7:Infinity:undefined:undefined:undefined:undefined":0,"s:5:2:7:Infinity":1,"s:6:4:6:Infinity":2,"s:8:2:8:Infinity":3,"s:11:6:23:Infinity":4,"f:11:6:11:43":1,"b:12:2:21:Infinity:undefined:undefined:undefined:undefined":1,"s:12:2:21:Infinity":5,"s:13:20:13:Infinity":6,"b:14:4:20:Infinity:undefined:undefined:undefined:undefined":2,"s:14:4:20:Infinity":7,"s:15:6:19:Infinity":8,"s:16:8:16:Infinity":9,"s:18:8:18:Infinity":10,"s:22:2:22:Infinity":11,"s:25:14:25:Infinity":12,"s:26:13:26:Infinity":13,"s:28:33:34:Infinity":14,"b:31:19:31:30:31:30:31:Infinity":3,"s:36:13:75:Infinity":15,"f:40:4:40:16":2,"s:41:6:41:Infinity":16,"s:42:6:42:Infinity":17,"f:44:4:44:18":3,"s:45:6:45:Infinity":18,"s:46:6:46:Infinity":19,"s:47:6:47:Infinity":20,"s:48:6:48:Infinity":21,"s:49:6:49:Infinity":22,"s:50:6:50:Infinity":23,"s:51:6:51:Infinity":24,"f:53:4:53:18":4,"s:54:6:54:Infinity":25,"s:55:6:55:Infinity":26,"s:56:6:56:Infinity":27,"s:57:6:57:Infinity":28,"s:58:6:58:Infinity":29,"s:59:6:59:Infinity":30,"s:60:6:60:Infinity":31,"f:62:4:62:13":5,"s:63:6:63:Infinity":32,"s:64:6:64:Infinity":33,"s:65:6:65:Infinity":34,"s:66:6:66:Infinity":35,"s:67:6:67:Infinity":36,"s:68:6:68:Infinity":37,"s:69:6:69:Infinity":38,"f:71:4:71:17":6,"s:72:6:72:Infinity":39,"s:77:75:77:Infinity":40,"s:78:27:78:Infinity":41}}}
,"C:\\antigravity-test\\project-management-dashboard\\src\\store\\store.ts": {"path":"C:\\antigravity-test\\project-management-dashboard\\src\\store\\store.ts","statementMap":{"0":{"start":{"line":6,"column":13},"end":{"line":12,"column":null}}},"fnMap":{},"branchMap":{},"s":{"0":8},"f":{},"b":{},"meta":{"lastBranch":0,"lastFunction":0,"lastStatement":1,"seen":{"s:6:13:12:Infinity":0}}}
,"C:\\antigravity-test\\project-management-dashboard\\src\\store\\themeSlice.ts": {"path":"C:\\antigravity-test\\project-management-dashboard\\src\\store\\themeSlice.ts","statementMap":{"0":{"start":{"line":4,"column":6},"end":{"line":14,"column":null}},"1":{"start":{"line":5,"column":2},"end":{"line":12,"column":null}},"2":{"start":{"line":6,"column":18},"end":{"line":6,"column":null}},"3":{"start":{"line":7,"column":4},"end":{"line":9,"column":null}},"4":{"start":{"line":8,"column":6},"end":{"line":8,"column":null}},"5":{"start":{"line":10,"column":18},"end":{"line":10,"column":null}},"6":{"start":{"line":11,"column":4},"end":{"line":11,"column":null}},"7":{"start":{"line":13,"column":2},"end":{"line":13,"column":null}},"8":{"start":{"line":16,"column":34},"end":{"line":18,"column":null}},"9":{"start":{"line":20,"column":13},"end":{"line":33,"column":null}},"10":{"start":{"line":25,"column":6},"end":{"line":25,"column":null}},"11":{"start":{"line":26,"column":6},"end":{"line":26,"column":null}},"12":{"start":{"line":29,"column":6},"end":{"line":29,"column":null}},"13":{"start":{"line":30,"column":6},"end":{"line":30,"column":null}},"14":{"start":{"line":35,"column":41},"end":{"line":35,"column":null}},"15":{"start":{"line":36,"column":28},"end":{"line":36,"column":null}}},"fnMap":{"0":{"name":"(anonymous_0)","decl":{"start":{"line":4,"column":6},"end":{"line":4,"column":48}},"loc":{"start":{"line":4,"column":48},"end":{"line":14,"column":null}},"line":4},"1":{"name":"(anonymous_1)","decl":{"start":{"line":24,"column":4},"end":{"line":24,"column":18}},"loc":{"start":{"line":24,"column":28},"end":{"line":27,"column":null}},"line":24},"2":{"name":"(anonymous_2)","decl":{"start":{"line":28,"column":4},"end":{"line":28,"column":15}},"loc":{"start":{"line":28,"column":66},"end":{"line":31,"column":null}},"line":28}},"branchMap":{"0":{"loc":{"start":{"line":5,"column":2},"end":{"line":12,"column":null}},"type":"if","locations":[{"start":{"line":5,"column":2},"end":{"line":12,"column":null}},{"start":{},"end":{}}],"line":5},"1":{"loc":{"start":{"line":7,"column":4},"end":{"line":9,"column":null}},"type":"if","locations":[{"start":{"line":7,"column":4},"end":{"line":9,"column":null}},{"start":{},"end":{}}],"line":7},"2":{"loc":{"start":{"line":7,"column":8},"end":{"line":7,"column":47}},"type":"binary-expr","locations":[{"start":{"line":7,"column":8},"end":{"line":7,"column":29}},{"start":{"line":7,"column":29},"end":{"line":7,"column":47}}],"line":7},"3":{"loc":{"start":{"line":11,"column":11},"end":{"line":11,"column":null}},"type":"cond-expr","locations":[{"start":{"line":11,"column":27},"end":{"line":11,"column":36}},{"start":{"line":11,"column":36},"end":{"line":11,"column":null}}],"line":11},"4":{"loc":{"start":{"line":25,"column":20},"end":{"line":25,"column":null}},"type":"cond-expr","locations":[{"start":{"line":25,"column":46},"end":{"line":25,"column":55}},{"start":{"line":25,"column":55},"end":{"line":25,"column":null}}],"line":25}},"s":{"0":9,"1":9,"2":9,"3":9,"4":0,"5":9,"6":9,"7":0,"8":9,"9":9,"10":3,"11":3,"12":2,"13":2,"14":9,"15":9},"f":{"0":9,"1":3,"2":2},"b":{"0":[9,0],"1":[0,9],"2":[9,9],"3":[9,0],"4":[1,2]},"meta":{"lastBranch":5,"lastFunction":3,"lastStatement":16,"seen":{"s:4:6:14:Infinity":0,"f:4:6:4:48":0,"b:5:2:12:Infinity:undefined:undefined:undefined:undefined":0,"s:5:2:12:Infinity":1,"s:6:18:6:Infinity":2,"b:7:4:9:Infinity:undefined:undefined:undefined:undefined":1,"s:7:4:9:Infinity":3,"b:7:8:7:29:7:29:7:47":2,"s:8:6:8:Infinity":4,"s:10:18:10:Infinity":5,"s:11:4:11:Infinity":6,"b:11:27:11:36:11:36:11:Infinity":3,"s:13:2:13:Infinity":7,"s:16:34:18:Infinity":8,"s:20:13:33:Infinity":9,"f:24:4:24:18":1,"s:25:6:25:Infinity":10,"b:25:46:25:55:25:55:25:Infinity":4,"s:26:6:26:Infinity":11,"f:28:4:28:15":2,"s:29:6:29:Infinity":12,"s:30:6:30:Infinity":13,"s:35:41:35:Infinity":14,"s:36:28:36:Infinity":15}}}
,"C:\\antigravity-test\\project-management-dashboard\\src\\store\\uiSlice.ts": {"path":"C:\\antigravity-test\\project-management-dashboard\\src\\store\\uiSlice.ts","statementMap":{"0":{"start":{"line":4,"column":6},"end":{"line":9,"column":null}},"1":{"start":{"line":5,"column":2},"end":{"line":7,"column":null}},"2":{"start":{"line":6,"column":4},"end":{"line":6,"column":null}},"3":{"start":{"line":8,"column":2},"end":{"line":8,"column":null}},"4":{"start":{"line":11,"column":31},"end":{"line":13,"column":null}},"5":{"start":{"line":15,"column":13},"end":{"line":28,"column":null}},"6":{"start":{"line":20,"column":6},"end":{"line":20,"column":null}},"7":{"start":{"line":21,"column":6},"end":{"line":21,"column":null}},"8":{"start":{"line":24,"column":6},"end":{"line":24,"column":null}},"9":{"start":{"line":25,"column":6},"end":{"line":25,"column":null}},"10":{"start":{"line":30,"column":54},"end":{"line":30,"column":null}},"11":{"start":{"line":31,"column":25},"end":{"line":31,"column":null}}},"fnMap":{"0":{"name":"(anonymous_0)","decl":{"start":{"line":4,"column":6},"end":{"line":4,"column":50}},"loc":{"start":{"line":4,"column":50},"end":{"line":9,"column":null}},"line":4},"1":{"name":"(anonymous_1)","decl":{"start":{"line":19,"column":4},"end":{"line":19,"column":20}},"loc":{"start":{"line":19,"column":30},"end":{"line":22,"column":null}},"line":19},"2":{"name":"(anonymous_2)","decl":{"start":{"line":23,"column":4},"end":{"line":23,"column":26}},"loc":{"start":{"line":23,"column":68},"end":{"line":26,"column":null}},"line":23}},"branchMap":{"0":{"loc":{"start":{"line":5,"column":2},"end":{"line":7,"column":null}},"type":"if","locations":[{"start":{"line":5,"column":2},"end":{"line":7,"column":null}},{"start":{},"end":{}}],"line":5}},"s":{"0":9,"1":9,"2":9,"3":0,"4":9,"5":9,"6":2,"7":2,"8":1,"9":1,"10":9,"11":9},"f":{"0":9,"1":2,"2":1},"b":{"0":[9,0]},"meta":{"lastBranch":1,"lastFunction":3,"lastStatement":12,"seen":{"s:4:6:9:Infinity":0,"f:4:6:4:50":0,"b:5:2:7:Infinity:undefined:undefined:undefined:undefined":0,"s:5:2:7:Infinity":1,"s:6:4:6:Infinity":2,"s:8:2:8:Infinity":3,"s:11:31:13:Infinity":4,"s:15:13:28:Infinity":5,"f:19:4:19:20":1,"s:20:6:20:Infinity":6,"s:21:6:21:Infinity":7,"f:23:4:23:26":2,"s:24:6:24:Infinity":8,"s:25:6:25:Infinity":9,"s:30:54:30:Infinity":10,"s:31:25:31:Infinity":11}}}
,"C:\\antigravity-test\\project-management-dashboard\\src\\utils\\logger.ts": {"path":"C:\\antigravity-test\\project-management-dashboard\\src\\utils\\logger.ts","statementMap":{"0":{"start":{"line":3,"column":13},"end":{"line":8,"column":null}}},"fnMap":{},"branchMap":{},"s":{"0":2},"f":{},"b":{},"meta":{"lastBranch":0,"lastFunction":0,"lastStatement":1,"seen":{"s:3:13:8:Infinity":0}}}
}
